Arguments: 
  D:\project\nodejs\node.exe D:\project\yarn\bin\yarn.js add --dev @type/node

PATH: 
  D:\project\Git\mingw64\bin;D:\project\Git\usr\bin;C:\Users\thl\bin;C:\WINDOWS\system32\WBEM;C:\WINDOWS\system32\WBEM;C:\WINDOWS\system32\WBEM;C:\Windows\system32\WBEM;C:\Program Files (x86)\Common Files\Oracle\Java\javapath;C:\Windows\system32;C:\Windows;C:\Windows\System32\Wbem;C:\Windows\System32\WindowsPowerShell\v1.0;C:\Windows\System32\OpenSSH;D:\project\java\tool_installation\java8u181\bin;D:\project\mysql\database\bin;D:\project\python\Scripts;D:\project\python;C:\Users\最上川\AppData\Local\Microsoft\WindowsApps;So;tware_installation\IntelliJ IDEA 2019.3.5\bin;D:\project\maven\apache-maven-3.6.2\bin;D:\Software_installation\IntelliJ IDEA 2020.1.2\bin;D:\Software_installation\PyCharm 2020.1.4\bin;C:\WINDOWS\system32;C:\WINDOWS;C:\WINDOWS\System32\Wbem;C:\WINDOWS\System32\WindowsPowerShell\v1.0;C:\WINDOWS\System32\OpenSSH;D:\project\maven\apache-maven-3.6.2\bin;C:\Users\thl\AppData\Local\Microsoft\WindowsApps;C:\Users\最上川\AppData\Roaming\npm;Users\thl\.dotnet\tools;D:\developtool\mingw\bin;D:\Software_installation\calibre;D:\Software_installation\Microsoft VS Code;D:\Software_installation\xshell7;D:\project\Git\cmd;D:\project\yarn\bin;C:\ProgramData\chocolatey\bin;D:\project\nodejs;D:\project\python\Scripts;D:\project\python;C:\Users\thl\AppData\Local\Microsoft\WindowsApps;D:\Software_installation\IntelliJ IDEA 2020.1.2\bin;D:\Software_installation\PyCharm 2020.1.4\bin;C:\Users\最上川\AppData\Roaming\npm;C:\Users\thl\.dotnet\tools;D:\developtool\mingw\bin;C:\Users\thl\AppData\Local\Yarn\bin;C:\Users\thl\AppData\Roaming\npm

Yarn version: 
  1.22.5

Node version: 
  14.17.4

Platform: 
  win32 x64

Trace: 
  Error: https://registry.npm.taobao.org/@type%2fnode: Not found
      at Request.params.callback [as _callback] (D:\project\yarn\lib\cli.js:66097:18)
      at Request.self.callback (D:\project\yarn\lib\cli.js:140749:22)
      at Request.emit (events.js:400:28)
      at Request.<anonymous> (D:\project\yarn\lib\cli.js:141721:10)
      at Request.emit (events.js:400:28)
      at IncomingMessage.<anonymous> (D:\project\yarn\lib\cli.js:141643:12)
      at Object.onceWrapper (events.js:519:28)
      at IncomingMessage.emit (events.js:412:35)
      at endReadableNT (internal/streams/readable.js:1317:12)
      at processTicksAndRejections (internal/process/task_queues.js:82:21)

npm manifest: 
  {
    "name": "node-serve-1",
    "version": "1.0.0",
    "main": "index.js",
    "license": "MIT"
  }

yarn manifest: 
  No manifest

Lockfile: 
  No lockfile
